#
# A fatal error has been detected by the Java Runtime Environment:
#
#  SIGSEGV (0xb) at pc=0x896e75c0, pid=3797, tid=3061500736
#
# JRE version: 6.0_24-b24
# Java VM: OpenJDK Server VM (20.0-b12 mixed mode linux-x86 )
# Derivative: IcedTea6 1.11.5
# Distribution: Ubuntu 12.04 LTS, package 6b24-1.11.5-0ubuntu1~12.04.1
# Problematic frame:
# C  [libQtGui.so.4+0x1655c0]  QApplication::~QApplication()+0x2b0
#
# If you would like to submit a bug report, please include
# instructions how to reproduce the bug and visit:
#   https://bugs.launchpad.net/ubuntu/+source/openjdk-6/
# The crash happened outside the Java Virtual Machine in native code.
# See problematic frame for where to report the bug.
#

---------------  T H R E A D  ---------------

Current thread (0xb6605400):  JavaThread "main" [_thread_in_native, id=3802, stack(0xb675c000,0xb67ad000)]

siginfo:si_signo=SIGSEGV: si_errno=0, si_code=1 (SEGV_MAPERR), si_addr=0x00000000

Registers:
EAX=0x00000001, EBX=0x8a0bb410, ECX=0xb6600018, EDX=0x8a6ff5c0
ESP=0xb67ab850, EBP=0xb67ab898, ESI=0x00000000, EDI=0x8a6ff5c0
EIP=0x896e75c0, EFLAGS=0x00210202, CR2=0x00000000

Top of Stack: (sp=0xb67ab850)
0xb67ab850:   864b4900 864bf4e8 00000001 00000000
0xb67ab860:   00000001 88673c10 00000000 0000000e
0xb67ab870:   b6605d10 892bbb68 8a6fb858 00000000
0xb67ab880:   b67c0028 b777e6a0 8a6ff5c0 892bbb68
0xb67ab890:   8a78cb38 8a78cb38 b67ab8b8 88c2f94d
0xb67ab8a0:   8a78cb38 8a6fd818 864d7430 8a78cb38
0xb67ab8b0:   8a6fd818 864d7430 b67ab8c8 8a5c5a6c
0xb67ab8c0:   8a78cb38 b66d02c8 b67ab9c8 8a5c5f1b 

Instructions: (pc=0x896e75c0)
0x896e75a0:   c7 07 00 00 00 00 e8 55 59 ff ff 8b bb 3c f7 ff
0x896e75b0:   ff 89 c6 89 7d f0 f0 ff 47 08 0f 95 c0 8b 55 f0
0x896e75c0:   39 16 74 29 f0 ff 42 08 0f 95 c0 8b 06 83 c0 08
0x896e75d0:   f0 ff 08 0f 95 c2 84 d2 0f 84 17 03 00 00 8b 45 

Register to memory mapping:

EAX=0x00000001 is an unknown value
EBX=0x8a0bb410: <offset 0xb39410> in /usr/lib/eclipse/qtjambi-linux32-community-4.7.0-beta2/lib/libQtGui.so.4 at 0x89582000
ECX=0xb6600018 is an unknown value
EDX=0x8a6ff5c0: _ZN9QHashData11shared_nullE+0 in /usr/lib/eclipse/qtjambi-linux32-community-4.7.0-beta2/lib/libQtCore.so.4 at 0x8a435000
ESP=0xb67ab850 is pointing into the stack for thread: 0xb6605400
EBP=0xb67ab898 is pointing into the stack for thread: 0xb6605400
ESI=0x00000000 is an unknown value
EDI=0x8a6ff5c0: _ZN9QHashData11shared_nullE+0 in /usr/lib/eclipse/qtjambi-linux32-community-4.7.0-beta2/lib/libQtCore.so.4 at 0x8a435000


Stack: [0xb675c000,0xb67ad000],  sp=0xb67ab850,  free space=318k
Native frames: (J=compiled Java code, j=interpreted, Vv=VM code, C=native code)
C  [libQtGui.so.4+0x1655c0]  QApplication::~QApplication()+0x2b0
C  [libcom_trolltech_qt_gui.so+0x4aa94d]  QtJambiShell_QApplication::~QtJambiShell_QApplication()+0x2d
C  [libQtCore.so.4+0x190a6c]  qDeleteInEventHandler(QObject*)+0x1c
C  [libQtCore.so.4+0x190f1b]  QObject::event(QEvent*)+0x37b
C  [libQtCore.so.4+0x17e6ab]  QCoreApplication::event(QEvent*)+0x2b
C  [libQtGui.so.4+0x1612a4]  QApplication::event(QEvent*)+0x54
C  [libcom_trolltech_qt_gui.so+0x4ac35f]  QtJambiShell_QApplication::event(QEvent*)+0x10f
C  [libQtGui.so.4+0x15b2ac]  QApplicationPrivate::notify_helper(QObject*, QEvent*)+0xbc
C  [libQtGui.so.4+0x161ed5]  QApplication::notify(QObject*, QEvent*)+0x1e5
C  [libcom_trolltech_qt_gui.so+0x4ac0b9]  QtJambiShell_QApplication::notify(QObject*, QEvent*)+0x149
C  [libQtCore.so.4+0x17e5a9]  QCoreApplication::notifyInternal(QObject*, QEvent*)+0xa9
C  [libQtCore.so.4+0x17fa27]  QCoreApplicationPrivate::sendPostedEvents(QObject*, int, QThreadData*)+0x287
C  [libQtCore.so.4+0x17fc0d]  QCoreApplication::sendPostedEvents(QObject*, int)+0x2d
C  [libQtCore.so.4+0x17fd1b]  QCoreApplication::exec()+0xfb
C  [libQtGui.so.4+0x15a9d7]  QApplication::exec()+0x27
C  [libcom_trolltech_qt_gui.so+0x4aa1e7]  Java_com_trolltech_qt_gui_QApplication_exec__+0x17
j  com.trolltech.qt.gui.QApplication.exec()I+0
j  herencia.Ventana.main([Ljava/lang/String;)V+16
v  ~StubRoutines::call_stub
V  [libjvm.so+0x39b006]  JavaCalls::call_helper(JavaValue*, methodHandle*, JavaCallArguments*, Thread*)+0x2c6

Java frames: (J=compiled Java code, j=interpreted, Vv=VM code)
j  com.trolltech.qt.gui.QApplication.exec()I+0
j  herencia.Ventana.main([Ljava/lang/String;)V+16
v  ~StubRoutines::call_stub

---------------  P R O C E S S  ---------------

Java Threads: ( => current thread )
  0x8a722800 JavaThread "SIGTERM handler" daemon [_thread_blocked, id=3820, stack(0x858af000,0x85900000)]
  0xb66dec00 JavaThread "Thread-0" daemon [_thread_blocked, id=3813, stack(0x8a2a4000,0x8a2f5000)]
  0xb66a4000 JavaThread "Low Memory Detector" daemon [_thread_blocked, id=3811, stack(0x8a8f8000,0x8a949000)]
  0xb66a2400 JavaThread "C2 CompilerThread1" daemon [_thread_blocked, id=3810, stack(0x8a949000,0x8a9ca000)]
  0xb66a0400 JavaThread "C2 CompilerThread0" daemon [_thread_blocked, id=3809, stack(0x8a9ca000,0x8aa4b000)]
  0xb668f400 JavaThread "Finalizer" daemon [_thread_blocked, id=3807, stack(0x8ac4b000,0x8ac9c000)]
  0xb668e000 JavaThread "Reference Handler" daemon [_thread_blocked, id=3806, stack(0x8ac9c000,0x8aced000)]
=>0xb6605400 JavaThread "main" [_thread_in_native, id=3802, stack(0xb675c000,0xb67ad000)]

Other Threads:
  0xb668a000 VMThread [stack: 0x8aced000,0x8ad6e000] [id=3805]

VM state:at safepoint (shutting down)

VM Mutex/Monitor currently owned by a thread:  ([mutex/lock_event])
[0xb6602f18] Threads_lock - owner thread: 0xb668a000

Heap
 PSYoungGen      total 9408K, used 474K [0xa8a70000, 0xa94e0000, 0xb3510000)
  eden space 8128K, 5% used [0xa8a70000,0xa8ae6848,0xa9260000)
  from space 1280K, 0% used [0xa9260000,0xa9260000,0xa93a0000)
  to   space 1280K, 0% used [0xa93a0000,0xa93a0000,0xa94e0000)
 PSOldGen        total 21376K, used 290K [0x93510000, 0x949f0000, 0xa8a70000)
  object space 21376K, 1% used [0x93510000,0x935588e8,0x949f0000)
 PSPermGen       total 16384K, used 5014K [0x8b510000, 0x8c510000, 0x93510000)
  object space 16384K, 30% used [0x8b510000,0x8b9f59e8,0x8c510000)

Code Cache  [0xb35d9000, 0xb3819000, 0xb65d9000)
 total_blobs=130 nmethods=14 adapters=71 free_code_cache=50004352 largest_free_block=6208

Dynamic libraries:
08048000-08051000 r-xp 00000000 08:04 1311947    /usr/lib/jvm/java-6-openjdk-i386/jre/bin/java
08051000-08052000 r--p 00008000 08:04 1311947    /usr/lib/jvm/java-6-openjdk-i386/jre/bin/java
08052000-08053000 rw-p 00009000 08:04 1311947    /usr/lib/jvm/java-6-openjdk-i386/jre/bin/java
09896000-098f5000 rw-p 00000000 00:00 0          [heap]
85700000-857b7000 rw-p 00000000 00:00 0 
857b7000-85800000 ---p 00000000 00:00 0 
8585e000-85861000 ---p 00000000 00:00 0 
85861000-858af000 rw-p 00000000 00:00 0 
858af000-858b2000 ---p 00000000 00:00 0 
858b2000-85900000 rw-p 00000000 00:00 0 
85900000-859c6000 rw-p 00000000 00:00 0 
859c6000-85a00000 ---p 00000000 00:00 0 
85a4d000-85aad000 rw-s 00000000 00:04 17465483   /SYSV00000000 (deleted)
85aad000-85b04000 r--p 00000000 08:04 2275       /usr/share/fonts/truetype/ubuntu-font-family/Ubuntu-R.ttf
85b04000-85b12000 r-xp 00000000 08:04 1178260    /lib/i386-linux-gnu/libudev.so.0.13.0
85b12000-85b13000 r--p 0000e000 08:04 1178260    /lib/i386-linux-gnu/libudev.so.0.13.0
85b13000-85b14000 rw-p 0000f000 08:04 1178260    /lib/i386-linux-gnu/libudev.so.0.13.0
85b14000-85b29000 r-xp 00000000 08:04 1440200    /usr/lib/i386-linux-gnu/gvfs/libgvfscommon.so
85b29000-85b2a000 r--p 00014000 08:04 1440200    /usr/lib/i386-linux-gnu/gvfs/libgvfscommon.so
85b2a000-85b2b000 rw-p 00015000 08:04 1440200    /usr/lib/i386-linux-gnu/gvfs/libgvfscommon.so
85b2b000-85b54000 r-xp 00000000 08:04 1440198    /usr/lib/i386-linux-gnu/gio/modules/libgvfsdbus.so
85b54000-85b55000 r--p 00028000 08:04 1440198    /usr/lib/i386-linux-gnu/gio/modules/libgvfsdbus.so
85b55000-85b56000 rw-p 00029000 08:04 1440198    /usr/lib/i386-linux-gnu/gio/modules/libgvfsdbus.so
85b56000-85ba8000 r--p 00000000 08:04 2246       /usr/share/fonts/truetype/ttf-dejavu/DejaVuSansMono.ttf
85ba8000-85bff000 r--p 00000000 08:04 2275       /usr/share/fonts/truetype/ubuntu-font-family/Ubuntu-R.ttf
85bff000-85c00000 ---p 00000000 00:00 0 
85c00000-86400000 rw-p 00000000 00:00 0 
86400000-864ff000 rw-p 00000000 00:00 0 
864ff000-86500000 ---p 00000000 00:00 0 
86508000-8654c000 r-xp 00000000 08:04 1314280    /usr/lib/i386-linux-gnu/libibus-1.0.so.0.401.0
8654c000-8654d000 r--p 00043000 08:04 1314280    /usr/lib/i386-linux-gnu/libibus-1.0.so.0.401.0
8654d000-8654e000 rw-p 00044000 08:04 1314280    /usr/lib/i386-linux-gnu/libibus-1.0.so.0.401.0
8654e000-86568000 r-xp 00000000 08:04 1314098    /usr/lib/i386-linux-gnu/libdbusmenu-glib.so.4.0.13
86568000-86569000 r--p 00019000 08:04 1314098    /usr/lib/i386-linux-gnu/libdbusmenu-glib.so.4.0.13
86569000-8656a000 rw-p 0001a000 08:04 1314098    /usr/lib/i386-linux-gnu/libdbusmenu-glib.so.4.0.13
8656a000-8657b000 r-xp 00000000 08:04 1314100    /usr/lib/i386-linux-gnu/libdbusmenu-gtk.so.4.0.13
8657b000-8657c000 r--p 00010000 08:04 1314100    /usr/lib/i386-linux-gnu/libdbusmenu-gtk.so.4.0.13
8657c000-8657d000 rw-p 00011000 08:04 1314100    /usr/lib/i386-linux-gnu/libdbusmenu-gtk.so.4.0.13
86591000-86595000 r-xp 00000000 08:04 1314056    /usr/lib/i386-linux-gnu/libcanberra-gtk.so.0.1.8
86595000-86596000 r--p 00003000 08:04 1314056    /usr/lib/i386-linux-gnu/libcanberra-gtk.so.0.1.8
86596000-86597000 rw-p 00004000 08:04 1314056    /usr/lib/i386-linux-gnu/libcanberra-gtk.so.0.1.8
86598000-8659e000 r-xp 00000000 08:04 1439957    /usr/lib/i386-linux-gnu/gtk-2.0/2.10.0/immodules/im-ibus.so
8659e000-8659f000 r--p 00005000 08:04 1439957    /usr/lib/i386-linux-gnu/gtk-2.0/2.10.0/immodules/im-ibus.so
8659f000-865a0000 rw-p 00006000 08:04 1439957    /usr/lib/i386-linux-gnu/gtk-2.0/2.10.0/immodules/im-ibus.so
865a0000-865a2000 r-xp 00000000 08:04 1440161    /usr/lib/i386-linux-gnu/pango/1.6.0/modules/pango-basic-fc.so
865a2000-865a3000 r--p 00001000 08:04 1440161    /usr/lib/i386-linux-gnu/pango/1.6.0/modules/pango-basic-fc.so
865a3000-865a4000 rw-p 00002000 08:04 1440161    /usr/lib/i386-linux-gnu/pango/1.6.0/modules/pango-basic-fc.so
865a4000-865a9000 r-xp 00000000 08:04 1459940    /usr/lib/i386-linux-gnu/gtk-2.0/2.10.0/menuproxies/libappmenu.so
865a9000-865aa000 r--p 00004000 08:04 1459940    /usr/lib/i386-linux-gnu/gtk-2.0/2.10.0/menuproxies/libappmenu.so
865aa000-865ab000 rw-p 00005000 08:04 1459940    /usr/lib/i386-linux-gnu/gtk-2.0/2.10.0/menuproxies/libappmenu.so
865ab000-865b0000 r-xp 00000000 08:04 1439971    /usr/lib/i386-linux-gnu/gtk-2.0/modules/libcanberra-gtk-module.so
865b0000-865b1000 r--p 00004000 08:04 1439971    /usr/lib/i386-linux-gnu/gtk-2.0/modules/libcanberra-gtk-module.so
865b1000-865b2000 rw-p 00005000 08:04 1439971    /usr/lib/i386-linux-gnu/gtk-2.0/modules/libcanberra-gtk-module.so
865b2000-865e7000 r-xp 00000000 08:04 1439950    /usr/lib/i386-linux-gnu/gtk-2.0/2.10.0/engines/libmurrine.so
865e7000-865e8000 r--p 00034000 08:04 1439950    /usr/lib/i386-linux-gnu/gtk-2.0/2.10.0/engines/libmurrine.so
865e8000-865e9000 rw-p 00035000 08:04 1439950    /usr/lib/i386-linux-gnu/gtk-2.0/2.10.0/engines/libmurrine.so
865e9000-865ea000 ---p 00000000 00:00 0 
865ea000-86dea000 rw-p 00000000 00:00 0 
86dea000-86deb000 ---p 00000000 00:00 0 
86deb000-875eb000 rw-p 00000000 00:00 0 
875eb000-875ee000 r--p 00000000 08:04 407215     /home/pablo/.config/dconf/user
875ee000-875f5000 r-xp 00000000 08:04 1439813    /usr/lib/i386-linux-gnu/gio/modules/libdconfsettings.so
875f5000-875f6000 r--p 00006000 08:04 1439813    /usr/lib/i386-linux-gnu/gio/modules/libdconfsettings.so
875f6000-875f7000 rw-p 00007000 08:04 1439813    /usr/lib/i386-linux-gnu/gio/modules/libdconfsettings.so
875f7000-8761c000 r--p 00000000 08:04 2983       /usr/share/glib-2.0/schemas/gschemas.compiled
8761c000-87622000 r-xp 00000000 08:04 1314365    /usr/lib/i386-linux-gnu/libogg.so.0.7.1
87622000-87623000 r--p 00005000 08:04 1314365    /usr/lib/i386-linux-gnu/libogg.so.0.7.1
87623000-87624000 rw-p 00006000 08:04 1314365    /usr/lib/i386-linux-gnu/libogg.so.0.7.1
87624000-8764d000 r-xp 00000000 08:04 1314523    /usr/lib/i386-linux-gnu/libvorbis.so.0.4.5
8764d000-8764e000 r--p 00028000 08:04 1314523    /usr/lib/i386-linux-gnu/libvorbis.so.0.4.5
8764e000-8764f000 rw-p 00029000 08:04 1314523    /usr/lib/i386-linux-gnu/libvorbis.so.0.4.5
8764f000-87652000 r-xp 00000000 08:04 1178299    /lib/i386-linux-gnu/libgpg-error.so.0.8.0
87652000-87653000 r--p 00002000 08:04 1178299    /lib/i386-linux-gnu/libgpg-error.so.0.8.0
87653000-87654000 rw-p 00003000 08:04 1178299    /lib/i386-linux-gnu/libgpg-error.so.0.8.0
87654000-87664000 r-xp 00000000 08:04 1314371    /usr/lib/i386-linux-gnu/libp11-kit.so.0.0.0
87664000-87665000 r--p 0000f000 08:04 1314371    /usr/lib/i386-linux-gnu/libp11-kit.so.0.0.0
87665000-87666000 rw-p 00010000 08:04 1314371    /usr/lib/i386-linux-gnu/libp11-kit.so.0.0.0
87666000-87676000 r-xp 00000000 08:04 1314488    /usr/lib/i386-linux-gnu/libtasn1.so.3.1.12
87676000-87677000 r--p 0000f000 08:04 1314488    /usr/lib/i386-linux-gnu/libtasn1.so.3.1.12
87677000-87678000 rw-p 00010000 08:04 1314488    /usr/lib/i386-linux-gnu/libtasn1.so.3.1.12
87678000-87680000 r-xp 00000000 08:04 1314322    /usr/lib/i386-linux-gnu/libltdl.so.7.3.0
87680000-87681000 r--p 00008000 08:04 1314322    /usr/lib/i386-linux-gnu/libltdl.so.7.3.0
87681000-87682000 rw-p 00009000 08:04 1314322    /usr/lib/i386-linux-gnu/libltdl.so.7.3.0
87682000-87693000 r-xp 00000000 08:04 1314490    /usr/lib/i386-linux-gnu/libtdb.so.1.2.9
87693000-87694000 r--p 00010000 08:04 1314490    /usr/lib/i386-linux-gnu/libtdb.so.1.2.9
87694000-87695000 rw-p 00011000 08:04 1314490    /usr/lib/i386-linux-gnu/libtdb.so.1.2.9
87695000-8769d000 r-xp 00000000 08:04 1314527    /usr/lib/i386-linux-gnu/libvorbisfile.so.3.3.4
8769d000-8769e000 r--p 00007000 08:04 1314527    /usr/lib/i386-linux-gnu/libvorbisfile.so.3.3.4
8769e000-8769f000 rw-p 00008000 08:04 1314527    /usr/lib/i386-linux-gnu/libvorbisfile.so.3.3.4
8769f000-876a3000 r-xp 00000000 08:04 1313909    /usr/lib/i386-linux-gnu/libORBitCosNaming-2.so.0.1.0
876a3000-876a4000 r--p 00003000 08:04 1313909    /usr/lib/i386-linux-gnu/libORBitCosNaming-2.so.0.1.0
876a4000-876a5000 rw-p 00004000 08:04 1313909    /usr/lib/i386-linux-gnu/libORBitCosNaming-2.so.0.1.0
876a5000-87727000 r-xp 00000000 08:04 1178295    /lib/i386-linux-gnu/libgcrypt.so.11.7.0
87727000-87728000 r--p 00081000 08:04 1178295    /lib/i386-linux-gnu/libgcrypt.so.11.7.0
87728000-8772a000 rw-p 00082000 08:04 1178295    /lib/i386-linux-gnu/libgcrypt.so.11.7.0
8772a000-8772c000 r-xp 00000000 08:04 1178448    /lib/i386-linux-gnu/libutil-2.15.so
8772c000-8772d000 r--p 00001000 08:04 1178448    /lib/i386-linux-gnu/libutil-2.15.so
8772d000-8772e000 rw-p 00002000 08:04 1178448    /lib/i386-linux-gnu/libutil-2.15.so
8772e000-8773e000 r-xp 00000000 08:04 1314022    /usr/lib/i386-linux-gnu/libavahi-client.so.3.2.9
8773e000-8773f000 r--p 0000f000 08:04 1314022    /usr/lib/i386-linux-gnu/libavahi-client.so.3.2.9
8773f000-87740000 rw-p 00010000 08:04 1314022    /usr/lib/i386-linux-gnu/libavahi-client.so.3.2.9
87740000-8774c000 r-xp 00000000 08:04 1314024    /usr/lib/i386-linux-gnu/libavahi-common.so.3.5.3
8774c000-8774d000 r--p 0000b000 08:04 1314024    /usr/lib/i386-linux-gnu/libavahi-common.so.3.5.3
8774d000-8774e000 rw-p 0000c000 08:04 1314024    /usr/lib/i386-linux-gnu/libavahi-common.so.3.5.3
8774e000-87751000 r-xp 00000000 08:04 1314028    /usr/lib/i386-linux-gnu/libavahi-glib.so.1.0.2
87751000-87752000 r--p 00002000 08:04 1314028    /usr/lib/i386-linux-gnu/libavahi-glib.so.1.0.2
87752000-87753000 rw-p 00003000 08:04 1314028    /usr/lib/i386-linux-gnu/libavahi-glib.so.1.0.2
87753000-87812000 r-xp 00000000 08:04 1314195    /usr/lib/i386-linux-gnu/libgnutls.so.26.21.8
87812000-87816000 r--p 000be000 08:04 1314195    /usr/lib/i386-linux-gnu/libgnutls.so.26.21.8
87816000-87817000 rw-p 000c2000 08:04 1314195    /usr/lib/i386-linux-gnu/libgnutls.so.26.21.8
87817000-87826000 r-xp 00000000 08:04 1314060    /usr/lib/i386-linux-gnu/libcanberra.so.0.2.5
87826000-87827000 r--p 0000e000 08:04 1314060    /usr/lib/i386-linux-gnu/libcanberra.so.0.2.5
87827000-87828000 rw-p 0000f000 08:04 1314060    /usr/lib/i386-linux-gnu/libcanberra.so.0.2.5
87828000-8782e000 r-xp 00000000 08:04 1314153    /usr/lib/i386-linux-gnu/libgailutil.so.18.0.1
8782e000-8782f000 r--p 00005000 08:04 1314153    /usr/lib/i386-linux-gnu/libgailutil.so.18.0.1
8782f000-87830000 rw-p 00006000 08:04 1314153    /usr/lib/i386-linux-gnu/libgailutil.so.18.0.1
87830000-8783b000 r-xp 00000000 08:04 1178351    /lib/i386-linux-gnu/libpopt.so.0.0.0
8783b000-8783c000 r--p 0000a000 08:04 1178351    /lib/i386-linux-gnu/libpopt.so.0.0.0
8783c000-8783d000 rw-p 0000b000 08:04 1178351    /lib/i386-linux-gnu/libpopt.so.0.0.0
8783d000-87984000 r-xp 00000000 08:04 1329953    /usr/lib/i386-linux-gnu/libxml2.so.2.7.8
87984000-87988000 r--p 00147000 08:04 1329953    /usr/lib/i386-linux-gnu/libxml2.so.2.7.8
87988000-87989000 rw-p 0014b000 08:04 1329953    /usr/lib/i386-linux-gnu/libxml2.so.2.7.8
87989000-8798a000 rw-p 00000000 00:00 0 
8798a000-879d9000 r-xp 00000000 08:04 1313905    /usr/lib/i386-linux-gnu/libORBit-2.so.0.1.0
879d9000-879da000 ---p 0004f000 08:04 1313905    /usr/lib/i386-linux-gnu/libORBit-2.so.0.1.0
879da000-879e2000 r--p 0004f000 08:04 1313905    /usr/lib/i386-linux-gnu/libORBit-2.so.0.1.0
879e2000-879e4000 rw-p 00057000 08:04 1313905    /usr/lib/i386-linux-gnu/libORBit-2.so.0.1.0
879e4000-879f8000 r-xp 00000000 08:04 1320894    /usr/lib/i386-linux-gnu/libbonobo-activation.so.4.0.0
879f8000-879f9000 r--p 00014000 08:04 1320894    /usr/lib/i386-linux-gnu/libbonobo-activation.so.4.0.0
879f9000-879fb000 rw-p 00015000 08:04 1320894    /usr/lib/i386-linux-gnu/libbonobo-activation.so.4.0.0
879fb000-87a57000 r-xp 00000000 08:04 1320886    /usr/lib/i386-linux-gnu/libbonobo-2.so.0.0.0
87a57000-87a5a000 r--p 0005c000 08:04 1320886    /usr/lib/i386-linux-gnu/libbonobo-2.so.0.0.0
87a5a000-87a61000 rw-p 0005f000 08:04 1320886    /usr/lib/i386-linux-gnu/libbonobo-2.so.0.0.0
87a61000-87a82000 r-xp 00000000 08:04 1314191    /usr/lib/i386-linux-gnu/libgnome-keyring.so.0.2.0
87a82000-87a83000 r--p 00020000 08:04 1314191    /usr/lib/i386-linux-gnu/libgnome-keyring.so.0.2.0
87a83000-87a84000 rw-p 00021000 08:04 1314191    /usr/lib/i386-linux-gnu/libgnome-keyring.so.0.2.0
87a84000-87ae6000 r-xp 00000000 08:04 1320899    /usr/lib/i386-linux-gnu/libgnomevfs-2.so.0.2400.4
87ae6000-87ae8000 r--p 00061000 08:04 1320899    /usr/lib/i386-linux-gnu/libgnomevfs-2.so.0.2400.4
87ae8000-87aea000 rw-p 00063000 08:04 1320899    /usr/lib/i386-linux-gnu/libgnomevfs-2.so.0.2400.4
87aea000-87b02000 r-xp 00000000 08:04 1309861    /usr/lib/i386-linux-gnu/libart_lgpl_2.so.2.3.21
87b02000-87b03000 r--p 00017000 08:04 1309861    /usr/lib/i386-linux-gnu/libart_lgpl_2.so.2.3.21
87b03000-87b04000 rw-p 00018000 08:04 1309861    /usr/lib/i386-linux-gnu/libart_lgpl_2.so.2.3.21
87b04000-87b18000 r-xp 00000000 08:04 1320913    /usr/lib/i386-linux-gnu/libgnome-2.so.0.3200.1
87b18000-87b19000 r--p 00013000 08:04 1320913    /usr/lib/i386-linux-gnu/libgnome-2.so.0.3200.1
87b19000-87b1a000 rw-p 00014000 08:04 1320913    /usr/lib/i386-linux-gnu/libgnome-2.so.0.3200.1
87b1a000-87b4e000 r-xp 00000000 08:04 1329935    /usr/lib/i386-linux-gnu/libgnomecanvas-2.so.0.3000.3
87b4e000-87b4f000 r--p 00033000 08:04 1329935    /usr/lib/i386-linux-gnu/libgnomecanvas-2.so.0.3000.3
87b4f000-87b50000 rw-p 00034000 08:04 1329935    /usr/lib/i386-linux-gnu/libgnomecanvas-2.so.0.3000.3
87b50000-87bb7000 r-xp 00000000 08:04 1329945    /usr/lib/i386-linux-gnu/libbonoboui-2.so.0.0.0
87bb7000-87bb8000 r--p 00066000 08:04 1329945    /usr/lib/i386-linux-gnu/libbonoboui-2.so.0.0.0
87bb8000-87bba000 rw-p 00067000 08:04 1329945    /usr/lib/i386-linux-gnu/libbonoboui-2.so.0.0.0
87bba000-87c4e000 r-xp 00000000 08:04 1329948    /usr/lib/i386-linux-gnu/libgnomeui-2.so.0.2400.5
87c4e000-87c50000 r--p 00093000 08:04 1329948    /usr/lib/i386-linux-gnu/libgnomeui-2.so.0.2400.5
87c50000-87c52000 rw-p 00095000 08:04 1329948    /usr/lib/i386-linux-gnu/libgnomeui-2.so.0.2400.5
87c52000-87c5a000 r-xp 00000000 08:04 1311849    /usr/lib/i386-linux-gnu/libxcb-render.so.0.0.0
87c5a000-87c5b000 r--p 00008000 08:04 1311849    /usr/lib/i386-linux-gnu/libxcb-render.so.0.0.0
87c5b000-87c5c000 rw-p 00009000 08:04 1311849    /usr/lib/i386-linux-gnu/libxcb-render.so.0.0.0
87c5c000-87c5e000 r-xp 00000000 08:04 1311851    /usr/lib/i386-linux-gnu/libxcb-shm.so.0.0.0
87c5e000-87c5f000 r--p 00001000 08:04 1311851    /usr/lib/i386-linux-gnu/libxcb-shm.so.0.0.0
87c5f000-87c60000 rw-p 00002000 08:04 1311851    /usr/lib/i386-linux-gnu/libxcb-shm.so.0.0.0
87c60000-87c88000 r-xp 00000000 08:04 1178349    /lib/i386-linux-gnu/libpng12.so.0.46.0
87c88000-87c89000 r--p 00027000 08:04 1178349    /lib/i386-linux-gnu/libpng12.so.0.46.0
87c89000-87c8a000 rw-p 00028000 08:04 1178349    /lib/i386-linux-gnu/libpng12.so.0.46.0
87c8a000-87d1d000 r-xp 00000000 08:04 1314397    /usr/lib/i386-linux-gnu/libpixman-1.so.0.24.4
87d1d000-87d21000 r--p 00092000 08:04 1314397    /usr/lib/i386-linux-gnu/libpixman-1.so.0.24.4
87d21000-87d22000 rw-p 00096000 08:04 1314397    /usr/lib/i386-linux-gnu/libpixman-1.so.0.24.4
87d22000-87d24000 r-xp 00000000 08:04 1313964    /usr/lib/i386-linux-gnu/libXdamage.so.1.1.0
87d24000-87d25000 r--p 00001000 08:04 1313964    /usr/lib/i386-linux-gnu/libXdamage.so.1.1.0
87d25000-87d26000 rw-p 00002000 08:04 1313964    /usr/lib/i386-linux-gnu/libXdamage.so.1.1.0
87d26000-87d28000 r-xp 00000000 08:04 1313960    /usr/lib/i386-linux-gnu/libXcomposite.so.1.0.0
87d28000-87d29000 r--p 00001000 08:04 1313960    /usr/lib/i386-linux-gnu/libXcomposite.so.1.0.0
87d29000-87d2a000 rw-p 00002000 08:04 1313960    /usr/lib/i386-linux-gnu/libXcomposite.so.1.0.0
87d2a000-87d71000 r-xp 00000000 08:04 1314377    /usr/lib/i386-linux-gnu/libpango-1.0.so.0.3000.0
87d71000-87d72000 ---p 00047000 08:04 1314377    /usr/lib/i386-linux-gnu/libpango-1.0.so.0.3000.0
87d72000-87d73000 r--p 00047000 08:04 1314377    /usr/lib/i386-linux-gnu/libpango-1.0.so.0.3000.0
87d73000-87d74000 rw-p 00048000 08:04 1314377    /usr/lib/i386-linux-gnu/libpango-1.0.so.0.3000.0
87d74000-87d9e000 r-xp 00000000 08:04 1314381    /usr/lib/i386-linux-gnu/libpangoft2-1.0.so.0.3000.0
87d9e000-87d9f000 r--p 00029000 08:04 1314381    /usr/lib/i386-linux-gnu/libpangoft2-1.0.so.0.3000.0
87d9f000-87da0000 rw-p 0002a000 08:04 1314381    /usr/lib/i386-linux-gnu/libpangoft2-1.0.so.0.3000.0
87da0000-87dbf000 r-xp 00000000 08:04 1314167    /usr/lib/i386-linux-gnu/libgdk_pixbuf-2.0.so.0.2600.1
87dbf000-87dc0000 r--p 0001e000 08:04 1314167    /usr/lib/i386-linux-gnu/libgdk_pixbuf-2.0.so.0.2600.1
87dc0000-87dc1000 rw-p 0001f000 08:04 1314167    /usr/lib/i386-linux-gnu/libgdk_pixbuf-2.0.so.0.2600.1
87dc1000-87e88000 r-xp 00000000 08:04 1314052    /usr/lib/i386-linux-gnu/libcairo.so.2.11000.2
87e88000-87e89000 r--p 000c7000 08:04 1314052    /usr/lib/i386-linux-gnu/libcairo.so.2.11000.2
87e89000-87e8a000 rw-p 000c8000 08:04 1314052    /usr/lib/i386-linux-gnu/libcairo.so.2.11000.2
87e8a000-87e8c000 rw-p 00000000 00:00 0 
87e8c000-87ea9000 r-xp 00000000 08:04 1314014    /usr/lib/i386-linux-gnu/libatk-1.0.so.0.20409.1
87ea9000-87eab000 r--p 0001c000 08:04 1314014    /usr/lib/i386-linux-gnu/libatk-1.0.so.0.20409.1
87eab000-87eac000 rw-p 0001e000 08:04 1314014    /usr/lib/i386-linux-gnu/libatk-1.0.so.0.20409.1
87eac000-87eb7000 r-xp 00000000 08:04 1314379    /usr/lib/i386-linux-gnu/libpangocairo-1.0.so.0.3000.0
87eb7000-87eb8000 r--p 0000a000 08:04 1314379    /usr/lib/i386-linux-gnu/libpangocairo-1.0.so.0.3000.0
87eb8000-87eb9000 rw-p 0000b000 08:04 1314379    /usr/lib/i386-linux-gnu/libpangocairo-1.0.so.0.3000.0
87eb9000-87f64000 r-xp 00000000 08:04 1314165    /usr/lib/i386-linux-gnu/libgdk-x11-2.0.so.0.2400.10
87f64000-87f65000 ---p 000ab000 08:04 1314165    /usr/lib/i386-linux-gnu/libgdk-x11-2.0.so.0.2400.10
87f65000-87f67000 r--p 000ab000 08:04 1314165    /usr/lib/i386-linux-gnu/libgdk-x11-2.0.so.0.2400.10
87f67000-87f68000 rw-p 000ad000 08:04 1314165    /usr/lib/i386-linux-gnu/libgdk-x11-2.0.so.0.2400.10
87f68000-883c8000 r-xp 00000000 08:04 1314260    /usr/lib/i386-linux-gnu/libgtk-x11-2.0.so.0.2400.10
883c8000-883cc000 r--p 00460000 08:04 1314260    /usr/lib/i386-linux-gnu/libgtk-x11-2.0.so.0.2400.10
883cc000-883ce000 rw-p 00464000 08:04 1314260    /usr/lib/i386-linux-gnu/libgtk-x11-2.0.so.0.2400.10
883ce000-883d0000 rw-p 00000000 00:00 0 
883d0000-883e3000 r-xp 00000000 08:04 1178455    /lib/i386-linux-gnu/libresolv-2.15.so
883e3000-883e4000 ---p 00013000 08:04 1178455    /lib/i386-linux-gnu/libresolv-2.15.so
883e4000-883e5000 r--p 00013000 08:04 1178455    /lib/i386-linux-gnu/libresolv-2.15.so
883e5000-883e6000 rw-p 00014000 08:04 1178455    /lib/i386-linux-gnu/libresolv-2.15.so
883e6000-883e8000 rw-p 00000000 00:00 0 
883e8000-88405000 r-xp 00000000 08:04 1178360    /lib/i386-linux-gnu/libselinux.so.1
88405000-88406000 r--p 0001c000 08:04 1178360    /lib/i386-linux-gnu/libselinux.so.1
88406000-88407000 rw-p 0001d000 08:04 1178360    /lib/i386-linux-gnu/libselinux.so.1
88407000-8855a000 r-xp 00000000 08:04 1314177    /usr/lib/i386-linux-gnu/libgio-2.0.so.0.3200.3
8855a000-8855c000 r--p 00153000 08:04 1314177    /usr/lib/i386-linux-gnu/libgio-2.0.so.0.3200.3
8855c000-8855d000 rw-p 00155000 08:04 1314177    /usr/lib/i386-linux-gnu/libgio-2.0.so.0.3200.3
8855d000-8855e000 rw-p 00000000 00:00 0 
8855e000-885a5000 r-xp 00000000 08:04 1178256    /lib/i386-linux-gnu/libdbus-1.so.3.5.8
885a5000-885a6000 r--p 00047000 08:04 1178256    /lib/i386-linux-gnu/libdbus-1.so.3.5.8
885a6000-885a7000 rw-p 00048000 08:04 1178256    /lib/i386-linux-gnu/libdbus-1.so.3.5.8
885a7000-885cb000 r-xp 00000000 08:04 1314096    /usr/lib/i386-linux-gnu/libdbus-glib-1.so.2.2.2
885cb000-885cc000 r--p 00023000 08:04 1314096    /usr/lib/i386-linux-gnu/libdbus-glib-1.so.2.2.2
885cc000-885cd000 rw-p 00024000 08:04 1314096    /usr/lib/i386-linux-gnu/libdbus-glib-1.so.2.2.2
885cd000-885d0000 r-xp 00000000 08:04 1314187    /usr/lib/i386-linux-gnu/libgmodule-2.0.so.0.3200.3
885d0000-885d1000 r--p 00002000 08:04 1314187    /usr/lib/i386-linux-gnu/libgmodule-2.0.so.0.3200.3
885d1000-885d2000 rw-p 00003000 08:04 1314187    /usr/lib/i386-linux-gnu/libgmodule-2.0.so.0.3200.3
885d2000-885fe000 r-xp 00000000 08:04 1314155    /usr/lib/i386-linux-gnu/libgconf-2.so.4.1.5
885fe000-885ff000 r--p 0002b000 08:04 1314155    /usr/lib/i386-linux-gnu/libgconf-2.so.4.1.5
885ff000-88600000 rw-p 0002c000 08:04 1314155    /usr/lib/i386-linux-gnu/libgconf-2.so.4.1.5
88600000-88700000 rw-p 00000000 00:00 0 
88702000-88710000 r-xp 00000000 08:04 1313974    /usr/lib/i386-linux-gnu/libXi.so.6.1.0
88710000-88711000 r--p 0000d000 08:04 1313974    /usr/lib/i386-linux-gnu/libXi.so.6.1.0
88711000-88712000 rw-p 0000e000 08:04 1313974    /usr/lib/i386-linux-gnu/libXi.so.6.1.0
88712000-88714000 r-xp 00000000 08:04 1313976    /usr/lib/i386-linux-gnu/libXinerama.so.1.0.0
88714000-88715000 r--p 00001000 08:04 1313976    /usr/lib/i386-linux-gnu/libXinerama.so.1.0.0
88715000-88716000 rw-p 00002000 08:04 1313976    /usr/lib/i386-linux-gnu/libXinerama.so.1.0.0
88716000-8871f000 r-xp 00000000 08:04 1313962    /usr/lib/i386-linux-gnu/libXcursor.so.1.0.2
8871f000-88720000 r--p 00008000 08:04 1313962    /usr/lib/i386-linux-gnu/libXcursor.so.1.0.2
88720000-88721000 rw-p 00009000 08:04 1313962    /usr/lib/i386-linux-gnu/libXcursor.so.1.0.2
88721000-88725000 r-xp 00000000 08:04 1313970    /usr/lib/i386-linux-gnu/libXfixes.so.3.1.0
88725000-88726000 r--p 00004000 08:04 1313970    /usr/lib/i386-linux-gnu/libXfixes.so.3.1.0
88726000-88727000 rw-p 00005000 08:04 1313970    /usr/lib/i386-linux-gnu/libXfixes.so.3.1.0
88727000-8872e000 r-xp 00000000 08:04 1313986    /usr/lib/i386-linux-gnu/libXrandr.so.2.2.0
8872e000-8872f000 r--p 00006000 08:04 1313986    /usr/lib/i386-linux-gnu/libXrandr.so.2.2.0
8872f000-88730000 rw-p 00007000 08:04 1313986    /usr/lib/i386-linux-gnu/libXrandr.so.2.2.0
88732000-88742000 r-xp 00000000 08:04 1309948    /usr/lib/liboverlay-scrollbar-0.2.so.0.0.16
88742000-88743000 r--p 0000f000 08:04 1309948    /usr/lib/liboverlay-scrollbar-0.2.so.0.0.16
88743000-88744000 rw-p 00010000 08:04 1309948    /usr/lib/liboverlay-scrollbar-0.2.so.0.0.16
88744000-88745000 r--s 00000000 08:04 656155     /var/cache/fontconfig/c05880de57d1f5e948fdfacc138775d9-le32d4.cache-3
88745000-8874b000 r--s 00000000 08:04 654700     /var/cache/fontconfig/945677eb7aeaf62f1d50efc3fb3ec7d8-le32d4.cache-3
8874b000-8874d000 r--s 00000000 08:04 656130     /var/cache/fontconfig/99e8ed0e538f840c565b6ed5dad60d56-le32d4.cache-3
8874d000-88750000 r--s 00000000 08:04 656129     /var/cache/fontconfig/2cd17615ca594fa2959ae173292e504c-le32d4.cache-3
88750000-88751000 r--s 00000000 08:04 656128     /var/cache/fontconfig/e7071f4a29fa870f4323321c154eba04-le32d4.cache-3
88751000-88752000 r--s 00000000 08:04 656127     /var/cache/fontconfig/0d8c3b2ac0904cb8a57a757ad11a4a08-le32d4.cache-3
88752000-88756000 r--s 00000000 08:04 656126     /var/cache/fontconfig/a755afe4a08bf5b97852ceb7400b47bc-le32d4.cache-3
88756000-8875d000 r--s 00000000 08:04 656116     /var/cache/fontconfig/6d41288fd70b0be22e8c3a91e032eec0-le32d4.cache-3
8875d000-88768000 r--s 00000000 08:04 656115     /var/cache/fontconfig/04aabc0a78ac019cf9454389977116d2-le32d4.cache-3
88768000-8876b000 r--s 00000000 08:04 656114     /var/cache/fontconfig/385c0604a188198f04d133e54aba7fe7-le32d4.cache-3
8876b000-8876c000 r--s 00000000 08:04 656113     /var/cache/fontconfig/4794a0821666d79190d59a36cb4f44b5-le32d4.cache-3
8876c000-8876f000 r--s 00000000 08:04 656104     /var/cache/fontconfig/8801497958630a81b71ace7c5f9b32a8-le32d4.cache-3
8876f000-88773000 r--s 00000000 08:04 656091     /var/cache/fontconfig/3047814df9a2f067bd2d96a2b9c36e5a-le32d4.cache-3
88773000-88774000 r--s 00000000 08:04 656086     /var/cache/fontconfig/56cf4f4769d0f4abc89a4895d7bd3ae1-le32d4.cache-3
88774000-88775000 r--s 00000000 08:04 656074     /var/cache/fontconfig/b9d506c9ac06c20b433354fa67a72993-le32d4.cache-3
88775000-88779000 r--s 00000000 08:04 656073     /var/cache/fontconfig/b47c4e1ecd0709278f4910c18777a504-le32d4.cache-3
88779000-8877c000 r-xp 00000000 08:04 1440498    /usr/lib/i386-linux-gnu/gconv/UTF-16.so
8877c000-8877d000 r--p 00002000 08:04 1440498    /usr/lib/i386-linux-gnu/gconv/UTF-16.so
8877d000-8877e000 rw-p 00003000 08:04 1440498    /usr/lib/i386-linux-gnu/gconv/UTF-16.so
8877e000-88785000 r--s 00000000 08:04 1453439    /usr/lib/i386-linux-gnu/gconv/gconv-modules.cache
88785000-892a9000 r-xp 00000000 08:04 1057622    /usr/lib/eclipse/qtjambi-linux32-community-4.7.0-beta2/lib/libcom_trolltech_qt_gui.so
892a9000-892d7000 rw-p 00b23000 08:04 1057622    /usr/lib/eclipse/qtjambi-linux32-community-4.7.0-beta2/lib/libcom_trolltech_qt_gui.so
892d7000-892db000 rw-p 00000000 00:00 0 
892db000-892e0000 r-xp 00000000 08:04 1313966    /usr/lib/i386-linux-gnu/libXdmcp.so.6.0.0
892e0000-892e1000 r--p 00004000 08:04 1313966    /usr/lib/i386-linux-gnu/libXdmcp.so.6.0.0
892e1000-892e2000 rw-p 00005000 08:04 1313966    /usr/lib/i386-linux-gnu/libXdmcp.so.6.0.0
892e2000-892e4000 r-xp 00000000 08:04 1313955    /usr/lib/i386-linux-gnu/libXau.so.6.0.0
892e4000-892e5000 r--p 00001000 08:04 1313955    /usr/lib/i386-linux-gnu/libXau.so.6.0.0
892e5000-892e6000 rw-p 00002000 08:04 1313955    /usr/lib/i386-linux-gnu/libXau.so.6.0.0
892e6000-89305000 r-xp 00000000 08:04 1311499    /usr/lib/i386-linux-gnu/libxcb.so.1.1.0
89305000-89306000 r--p 0001f000 08:04 1311499    /usr/lib/i386-linux-gnu/libxcb.so.1.1.0
89306000-89307000 rw-p 00020000 08:04 1311499    /usr/lib/i386-linux-gnu/libxcb.so.1.1.0
89307000-8932d000 r-xp 00000000 08:04 1178290    /lib/i386-linux-gnu/libexpat.so.1.5.2
8932d000-8932e000 ---p 00026000 08:04 1178290    /lib/i386-linux-gnu/libexpat.so.1.5.2
8932e000-89330000 r--p 00026000 08:04 1178290    /lib/i386-linux-gnu/libexpat.so.1.5.2
89330000-89331000 rw-p 00028000 08:04 1178290    /lib/i386-linux-gnu/libexpat.so.1.5.2
89331000-89461000 r-xp 00000000 08:04 1313953    /usr/lib/i386-linux-gnu/libX11.so.6.3.0
89461000-89462000 r--p 0012f000 08:04 1313953    /usr/lib/i386-linux-gnu/libX11.so.6.3.0
89462000-89464000 rw-p 00130000 08:04 1313953    /usr/lib/i386-linux-gnu/libX11.so.6.3.0
89464000-89465000 rw-p 00000000 00:00 0 
89465000-89497000 r-xp 00000000 08:04 1310130    /usr/lib/i386-linux-gnu/libfontconfig.so.1.4.4
89497000-89498000 r--p 00032000 08:04 1310130    /usr/lib/i386-linux-gnu/libfontconfig.so.1.4.4
89498000-89499000 rw-p 00033000 08:04 1310130    /usr/lib/i386-linux-gnu/libfontconfig.so.1.4.4
89499000-894e6000 r-xp 00000000 08:04 1314201    /usr/lib/i386-linux-gnu/libgobject-2.0.so.0.3200.3
894e6000-894e7000 r--p 0004c000 08:04 1314201    /usr/lib/i386-linux-gnu/libgobject-2.0.so.0.3200.3
894e7000-894e8000 rw-p 0004d000 08:04 1314201    /usr/lib/i386-linux-gnu/libgobject-2.0.so.0.3200.3
894e8000-8957d000 r-xp 00000000 08:04 1310118    /usr/lib/i386-linux-gnu/libfreetype.so.6.8.0
8957d000-89581000 r--p 00094000 08:04 1310118    /usr/lib/i386-linux-gnu/libfreetype.so.6.8.0
89581000-89582000 rw-p 00098000 08:04 1310118    /usr/lib/i386-linux-gnu/libfreetype.so.6.8.0
89582000-8a09b000 r-xp 00000000 08:04 1057627    /usr/lib/eclipse/qtjambi-linux32-community-4.7.0-beta2/lib/libQtGui.so.4
8a09b000-8a0c5000 rw-p 00b18000 08:04 1057627    /usr/lib/eclipse/qtjambi-linux32-community-4.7.0-beta2/lib/libQtGui.so.4
8a0c5000-8a0c7000 rw-p 00000000 00:00 0 
8a0c7000-8a29a000 r-xp 00000000 08:04 1057645    /usr/lib/eclipse/qtjambi-linux32-community-4.7.0-beta2/lib/libcom_trolltech_qt_core.so
8a29a000-8a2a4000 rw-p 001d2000 08:04 1057645    /usr/lib/eclipse/qtjambi-linux32-community-4.7.0-beta2/lib/libcom_trolltech_qt_core.so
8a2a4000-8a2a7000 ---p 00000000 00:00 0 
8a2a7000-8a2f5000 rw-p 00000000 00:00 0 
8a2f5000-8a33b000 r-xp 00000000 08:04 1057637    /usr/lib/eclipse/qtjambi-linux32-community-4.7.0-beta2/lib/libqtjambi.so
8a33b000-8a33c000 rw-p 00046000 08:04 1057637    /usr/lib/eclipse/qtjambi-linux32-community-4.7.0-beta2/lib/libqtjambi.so
8a33c000-8a433000 r-xp 00000000 08:04 1178297    /lib/i386-linux-gnu/libglib-2.0.so.0.3200.3
8a433000-8a434000 r--p 000f6000 08:04 1178297    /lib/i386-linux-gnu/libglib-2.0.so.0.3200.3
8a434000-8a435000 rw-p 000f7000 08:04 1178297    /lib/i386-linux-gnu/libglib-2.0.so.0.3200.3
8a435000-8a6f7000 r-xp 00000000 08:04 1057643    /usr/lib/eclipse/qtjambi-linux32-community-4.7.0-beta2/lib/libQtCore.so.4
8a6f7000-8a700000 rw-p 002c1000 08:04 1057643    /usr/lib/eclipse/qtjambi-linux32-community-4.7.0-beta2/lib/libQtCore.so.4
8a700000-8a800000 rw-p 00000000 00:00 0 
8a802000-8a806000 r-xp 00000000 08:04 1178379    /lib/i386-linux-gnu/libuuid.so.1.3.0
8a806000-8a807000 r--p 00003000 08:04 1178379    /lib/i386-linux-gnu/libuuid.so.1.3.0
8a807000-8a808000 rw-p 00004000 08:04 1178379    /lib/i386-linux-gnu/libuuid.so.1.3.0
8a808000-8a80d000 r-xp 00000000 08:04 1314140    /usr/lib/i386-linux-gnu/libffi.so.6.0.0
8a80d000-8a80e000 r--p 00004000 08:04 1314140    /usr/lib/i386-linux-gnu/libffi.so.6.0.0
8a80e000-8a80f000 rw-p 00005000 08:04 1314140    /usr/lib/i386-linux-gnu/libffi.so.6.0.0
8a80f000-8a81f000 r-xp 00000000 08:04 1313968    /usr/lib/i386-linux-gnu/libXext.so.6.4.0
8a81f000-8a820000 r--p 0000f000 08:04 1313968    /usr/lib/i386-linux-gnu/libXext.so.6.4.0
8a820000-8a821000 rw-p 00010000 08:04 1313968    /usr/lib/i386-linux-gnu/libXext.so.6.4.0
8a821000-8a837000 r-xp 00000000 08:04 1313900    /usr/lib/i386-linux-gnu/libICE.so.6.3.0
8a837000-8a838000 r--p 00015000 08:04 1313900    /usr/lib/i386-linux-gnu/libICE.so.6.3.0
8a838000-8a839000 rw-p 00016000 08:04 1313900    /usr/lib/i386-linux-gnu/libICE.so.6.3.0
8a839000-8a83b000 rw-p 00000000 00:00 0 
8a83b000-8a875000 r-xp 00000000 08:04 1178345    /lib/i386-linux-gnu/libpcre.so.3.12.1
8a875000-8a876000 r--p 00039000 08:04 1178345    /lib/i386-linux-gnu/libpcre.so.3.12.1
8a876000-8a877000 rw-p 0003a000 08:04 1178345    /lib/i386-linux-gnu/libpcre.so.3.12.1
8a877000-8a878000 ---p 00000000 00:00 0 
8a878000-8a8f8000 rw-p 00000000 00:00 0 
8a8f8000-8a8fb000 ---p 00000000 00:00 0 
8a8fb000-8a949000 rw-p 00000000 00:00 0 
8a949000-8a94c000 ---p 00000000 00:00 0 
8a94c000-8a9ca000 rw-p 00000000 00:00 0 
8a9ca000-8a9cd000 ---p 00000000 00:00 0 
8a9cd000-8aa4b000 rw-p 00000000 00:00 0 
8aa4b000-8ac4b000 r--p 00000000 08:04 1314725    /usr/lib/locale/locale-archive
8ac4b000-8ac4e000 ---p 00000000 00:00 0 
8ac4e000-8ac9c000 rw-p 00000000 00:00 0 
8ac9c000-8ac9f000 ---p 00000000 00:00 0 
8ac9f000-8aced000 rw-p 00000000 00:00 0 
8aced000-8acee000 ---p 00000000 00:00 0 
8acee000-8ad6e000 rw-p 00000000 00:00 0 
8ad6e000-8af00000 r--s 037c2000 08:04 1309499    /usr/lib/jvm/java-6-openjdk-i386/jre/lib/rt.jar
8af00000-8afb0000 rw-p 00000000 00:00 0 
8afb0000-8b000000 ---p 00000000 00:00 0 
8b000000-8b008000 r-xp 00000000 08:04 1313988    /usr/lib/i386-linux-gnu/libXrender.so.1.3.0
8b008000-8b009000 r--p 00007000 08:04 1313988    /usr/lib/i386-linux-gnu/libXrender.so.1.3.0
8b009000-8b00a000 rw-p 00008000 08:04 1313988    /usr/lib/i386-linux-gnu/libXrender.so.1.3.0
8b00a000-8b011000 r-xp 00000000 08:04 1313949    /usr/lib/i386-linux-gnu/libSM.so.6.0.1
8b011000-8b012000 r--p 00006000 08:04 1313949    /usr/lib/i386-linux-gnu/libSM.so.6.0.1
8b012000-8b013000 rw-p 00007000 08:04 1313949    /usr/lib/i386-linux-gnu/libSM.so.6.0.1
8b015000-8b022000 r--s 00000000 08:04 656070     /var/cache/fontconfig/d52a8644073d54c13679302ca1180695-le32d4.cache-3
8b022000-8b024000 r--s 00000000 08:04 654697     /var/cache/fontconfig/e13b20fdb08344e0e664864cc2ede53d-le32d4.cache-3
8b024000-8b027000 r--s 00000000 08:04 654680     /var/cache/fontconfig/7ef2298fde41cc6eeb7af42e48b7d293-le32d4.cache-3
8b027000-8b02e000 r--s 000fb000 08:04 1311915    /usr/lib/jvm/java-6-openjdk-common/jre/lib/resources.jar
8b02e000-8b031000 ---p 00000000 00:00 0 
8b031000-8b07f000 rw-p 00000000 00:00 0 
8b07f000-8b080000 ---p 00000000 00:00 0 
8b080000-8b100000 rw-p 00000000 00:00 0 
8b100000-8b121000 rw-p 00000000 00:00 0 
8b121000-8b200000 ---p 00000000 00:00 0 
8b200000-8b201000 r-xp 00000000 08:04 1314256    /usr/lib/i386-linux-gnu/libgthread-2.0.so.0.3200.3
8b201000-8b202000 r--p 00000000 08:04 1314256    /usr/lib/i386-linux-gnu/libgthread-2.0.so.0.3200.3
8b202000-8b203000 rw-p 00001000 08:04 1314256    /usr/lib/i386-linux-gnu/libgthread-2.0.so.0.3200.3
8b203000-8b207000 r--s 0007d000 08:04 1311897    /usr/lib/jvm/java-6-openjdk-common/jre/lib/jsse.jar
8b207000-8b230000 r--s 002d2000 08:04 1057125    /usr/lib/eclipse/qtjambi-linux32-community-4.7.0-beta2/qtjambi-4.7.0.jar
8b230000-8b263000 rw-p 00000000 00:00 0 
8b263000-8b264000 ---p 00000000 00:00 0 
8b264000-8b2ec000 rw-p 00000000 00:00 0 
8b2ec000-8b324000 rw-p 00000000 00:00 0 
8b324000-8b32f000 rw-p 00000000 00:00 0 
8b32f000-8b3cf000 rw-p 00000000 00:00 0 
8b3cf000-8b3d7000 rw-p 00000000 00:00 0 
8b3d7000-8b40f000 rw-p 00000000 00:00 0 
8b40f000-8b41a000 rw-p 00000000 00:00 0 
8b41a000-8b4b9000 rw-p 00000000 00:00 0 
8b4b9000-8b4bf000 rw-p 00000000 00:00 0 
8b4bf000-8b50f000 rw-p 00000000 00:00 0 
8b50f000-8c510000 rw-p 00000000 00:00 0 
8c510000-93510000 rw-p 00000000 00:00 0 
93510000-949f0000 rw-p 00000000 00:00 0 
949f0000-a8a70000 rw-p 00000000 00:00 0 
a8a70000-a94e0000 rw-p 00000000 00:00 0 
a94e0000-b3510000 rw-p 00000000 00:00 0 
b3510000-b3512000 r--s 0000f000 08:04 1311911    /usr/lib/jvm/java-6-openjdk-common/jre/lib/ext/pulse-java.jar
b3512000-b3516000 r--s 00038000 08:04 1311912    /usr/lib/jvm/java-6-openjdk-common/jre/lib/ext/sunpkcs11.jar
b3516000-b3519000 r--s 00077000 08:04 1311914    /usr/lib/jvm/java-6-openjdk-common/jre/lib/ext/localedata.jar
b3519000-b3522000 rw-p 00000000 00:00 0 
b3522000-b35d9000 rw-p 00000000 00:00 0 
b35d9000-b3819000 rwxp 00000000 00:00 0 
b3819000-b65d9000 rw-p 00000000 00:00 0 
b65d9000-b65e4000 r-xp 00000000 08:04 1178454    /lib/i386-linux-gnu/libnss_files-2.15.so
b65e4000-b65e5000 r--p 0000a000 08:04 1178454    /lib/i386-linux-gnu/libnss_files-2.15.so
b65e5000-b65e6000 rw-p 0000b000 08:04 1178454    /lib/i386-linux-gnu/libnss_files-2.15.so
b65e6000-b65fc000 r-xp 00000000 08:04 1181671    /lib/i386-linux-gnu/libnsl-2.15.so
b65fc000-b65fd000 r--p 00015000 08:04 1181671    /lib/i386-linux-gnu/libnsl-2.15.so
b65fd000-b65fe000 rw-p 00016000 08:04 1181671    /lib/i386-linux-gnu/libnsl-2.15.so
b65fe000-b6600000 rw-p 00000000 00:00 0 
b6600000-b66fc000 rw-p 00000000 00:00 0 
b66fc000-b6700000 ---p 00000000 00:00 0 
b6700000-b6701000 r--s 00000000 08:04 407219     /home/pablo/.cache/dconf/user
b6701000-b670b000 r-xp 00000000 08:04 1178458    /lib/i386-linux-gnu/libnss_nis-2.15.so
b670b000-b670c000 r--p 00009000 08:04 1178458    /lib/i386-linux-gnu/libnss_nis-2.15.so
b670c000-b670d000 rw-p 0000a000 08:04 1178458    /lib/i386-linux-gnu/libnss_nis-2.15.so
b670d000-b6714000 r-xp 00000000 08:04 1178451    /lib/i386-linux-gnu/libnss_compat-2.15.so
b6714000-b6715000 r--p 00006000 08:04 1178451    /lib/i386-linux-gnu/libnss_compat-2.15.so
b6715000-b6716000 rw-p 00007000 08:04 1178451    /lib/i386-linux-gnu/libnss_compat-2.15.so
b6716000-b6719000 r--s 00031000 08:04 1311910    /usr/lib/jvm/java-6-openjdk-common/jre/lib/ext/sunjce_provider.jar
b6719000-b6720000 r-xp 00000000 08:04 1309506    /usr/lib/jvm/java-6-openjdk-i386/jre/lib/i386/libzip.so
b6720000-b6721000 r--p 00006000 08:04 1309506    /usr/lib/jvm/java-6-openjdk-i386/jre/lib/i386/libzip.so
b6721000-b6722000 rw-p 00007000 08:04 1309506    /usr/lib/jvm/java-6-openjdk-i386/jre/lib/i386/libzip.so
b6722000-b672a000 rw-s 00000000 08:04 1057077    /tmp/hsperfdata_pablo/3797 (deleted)
b672a000-b6750000 r-xp 00000000 08:04 1309503    /usr/lib/jvm/java-6-openjdk-i386/jre/lib/i386/libjava.so
b6750000-b6751000 r--p 00025000 08:04 1309503    /usr/lib/jvm/java-6-openjdk-i386/jre/lib/i386/libjava.so
b6751000-b6753000 rw-p 00026000 08:04 1309503    /usr/lib/jvm/java-6-openjdk-i386/jre/lib/i386/libjava.so
b6753000-b675a000 r-xp 00000000 08:04 1178457    /lib/i386-linux-gnu/librt-2.15.so
b675a000-b675b000 r--p 00006000 08:04 1178457    /lib/i386-linux-gnu/librt-2.15.so
b675b000-b675c000 rw-p 00007000 08:04 1178457    /lib/i386-linux-gnu/librt-2.15.so
b675c000-b675f000 ---p 00000000 00:00 0 
b675f000-b67ad000 rw-p 00000000 00:00 0 
b67ad000-b67c9000 r-xp 00000000 08:04 1178293    /lib/i386-linux-gnu/libgcc_s.so.1
b67c9000-b67ca000 r--p 0001b000 08:04 1178293    /lib/i386-linux-gnu/libgcc_s.so.1
b67ca000-b67cb000 rw-p 0001c000 08:04 1178293    /lib/i386-linux-gnu/libgcc_s.so.1
b67cb000-b67f5000 r-xp 00000000 08:04 1181662    /lib/i386-linux-gnu/libm-2.15.so
b67f5000-b67f6000 r--p 00029000 08:04 1181662    /lib/i386-linux-gnu/libm-2.15.so
b67f6000-b67f7000 rw-p 0002a000 08:04 1181662    /lib/i386-linux-gnu/libm-2.15.so
b67f7000-b68cf000 r-xp 00000000 08:04 1314482    /usr/lib/i386-linux-gnu/libstdc++.so.6.0.16
b68cf000-b68d0000 ---p 000d8000 08:04 1314482    /usr/lib/i386-linux-gnu/libstdc++.so.6.0.16
b68d0000-b68d4000 r--p 000d8000 08:04 1314482    /usr/lib/i386-linux-gnu/libstdc++.so.6.0.16
b68d4000-b68d5000 rw-p 000dc000 08:04 1314482    /usr/lib/i386-linux-gnu/libstdc++.so.6.0.16
b68d5000-b68dc000 rw-p 00000000 00:00 0 
b68dc000-b70fb000 r-xp 00000000 08:04 1309523    /usr/lib/jvm/java-6-openjdk-i386/jre/lib/i386/server/libjvm.so
b70fb000-b70fc000 ---p 0081f000 08:04 1309523    /usr/lib/jvm/java-6-openjdk-i386/jre/lib/i386/server/libjvm.so
b70fc000-b7141000 r--p 0081f000 08:04 1309523    /usr/lib/jvm/java-6-openjdk-i386/jre/lib/i386/server/libjvm.so
b7141000-b7150000 rw-p 00864000 08:04 1309523    /usr/lib/jvm/java-6-openjdk-i386/jre/lib/i386/server/libjvm.so
b7150000-b756c000 rw-p 00000000 00:00 0 
b756c000-b7580000 r-xp 00000000 08:04 1178383    /lib/i386-linux-gnu/libz.so.1.2.3.4
b7580000-b7581000 r--p 00013000 08:04 1178383    /lib/i386-linux-gnu/libz.so.1.2.3.4
b7581000-b7582000 rw-p 00014000 08:04 1178383    /lib/i386-linux-gnu/libz.so.1.2.3.4
b7582000-b7725000 r-xp 00000000 08:04 1178449    /lib/i386-linux-gnu/libc-2.15.so
b7725000-b7726000 ---p 001a3000 08:04 1178449    /lib/i386-linux-gnu/libc-2.15.so
b7726000-b7728000 r--p 001a3000 08:04 1178449    /lib/i386-linux-gnu/libc-2.15.so
b7728000-b7729000 rw-p 001a5000 08:04 1178449    /lib/i386-linux-gnu/libc-2.15.so
b7729000-b772c000 rw-p 00000000 00:00 0 
b772c000-b772f000 r-xp 00000000 08:04 1181666    /lib/i386-linux-gnu/libdl-2.15.so
b772f000-b7730000 r--p 00002000 08:04 1181666    /lib/i386-linux-gnu/libdl-2.15.so
b7730000-b7731000 rw-p 00003000 08:04 1181666    /lib/i386-linux-gnu/libdl-2.15.so
b7731000-b7735000 r-xp 00000000 08:04 1311920    /usr/lib/jvm/java-6-openjdk-i386/jre/lib/i386/jli/libjli.so
b7735000-b7736000 r--p 00003000 08:04 1311920    /usr/lib/jvm/java-6-openjdk-i386/jre/lib/i386/jli/libjli.so
b7736000-b7737000 rw-p 00004000 08:04 1311920    /usr/lib/jvm/java-6-openjdk-i386/jre/lib/i386/jli/libjli.so
b7737000-b7738000 rw-p 00000000 00:00 0 
b7738000-b774f000 r-xp 00000000 08:04 1181464    /lib/i386-linux-gnu/libpthread-2.15.so
b774f000-b7750000 r--p 00016000 08:04 1181464    /lib/i386-linux-gnu/libpthread-2.15.so
b7750000-b7751000 rw-p 00017000 08:04 1181464    /lib/i386-linux-gnu/libpthread-2.15.so
b7751000-b7753000 rw-p 00000000 00:00 0 
b7753000-b7755000 r--s 00001000 08:04 1311913    /usr/lib/jvm/java-6-openjdk-common/jre/lib/ext/dnsns.jar
b7755000-b7756000 r--s 00007000 08:04 1583421    /usr/share/java/java-atk-wrapper.jar
b7756000-b7757000 r--p 005e0000 08:04 1314725    /usr/lib/locale/locale-archive
b7757000-b7758000 rw-p 00000000 00:00 0 
b7758000-b7759000 ---p 00000000 00:00 0 
b7759000-b7764000 r-xp 00000000 08:04 1311918    /usr/lib/jvm/java-6-openjdk-i386/jre/lib/i386/libverify.so
b7764000-b7765000 ---p 0000b000 08:04 1311918    /usr/lib/jvm/java-6-openjdk-i386/jre/lib/i386/libverify.so
b7765000-b7766000 r--p 0000b000 08:04 1311918    /usr/lib/jvm/java-6-openjdk-i386/jre/lib/i386/libverify.so
b7766000-b7767000 rw-p 0000c000 08:04 1311918    /usr/lib/jvm/java-6-openjdk-i386/jre/lib/i386/libverify.so
b7767000-b7769000 rw-p 00000000 00:00 0 
b7769000-b776a000 r-xp 00000000 00:00 0          [vdso]
b776a000-b778a000 r-xp 00000000 08:04 1181663    /lib/i386-linux-gnu/ld-2.15.so
b778a000-b778b000 r--p 0001f000 08:04 1181663    /lib/i386-linux-gnu/ld-2.15.so
b778b000-b778c000 rw-p 00020000 08:04 1181663    /lib/i386-linux-gnu/ld-2.15.so
bf99b000-bf9bc000 rw-p 00000000 00:00 0          [stack]

VM Arguments:
jvm_args: -Djava.library.path=/usr/lib/eclipse/qtjambi-linux32-community-4.7.0-beta2/lib -Dfile.encoding=UTF-8 
java_command: herencia.Ventana
Launcher Type: SUN_STANDARD

Environment Variables:
PATH=/usr/lib/lightdm/lightdm:/usr/local/sbin:/usr/local/bin:/usr/sbin:/usr/bin:/sbin:/bin:/usr/games
LD_LIBRARY_PATH=/usr/lib/jvm/java-6-openjdk-i386/jre/lib/i386/server:/usr/lib/jvm/java-6-openjdk-i386/jre/lib/i386:/usr/lib/jvm/java-6-openjdk-i386/jre/../lib/i386:/usr/lib/jvm/java-6-openjdk-i386/jre/lib/i386/client:/usr/lib/jvm/java-6-openjdk-i386/jre/lib/i386:
SHELL=/bin/bash
DISPLAY=:0

Signal Handlers:
SIGSEGV: [libjvm.so+0x66b320], sa_mask[0]=0x7ffbfeff, sa_flags=0x10000004
SIGBUS: [libjvm.so+0x66b320], sa_mask[0]=0x7ffbfeff, sa_flags=0x10000004
SIGFPE: [libjvm.so+0x52e8c0], sa_mask[0]=0x7ffbfeff, sa_flags=0x10000004
SIGPIPE: SIG_IGN, sa_mask[0]=0x00001000, sa_flags=0x10000000
SIGXFSZ: [libjvm.so+0x52e8c0], sa_mask[0]=0x7ffbfeff, sa_flags=0x10000004
SIGILL: [libjvm.so+0x52e8c0], sa_mask[0]=0x7ffbfeff, sa_flags=0x10000004
SIGUSR1: SIG_DFL, sa_mask[0]=0x00000000, sa_flags=0x00000000
SIGUSR2: [libjvm.so+0x52e750], sa_mask[0]=0x00000004, sa_flags=0x10000004
SIGHUP: [libjvm.so+0x5317f0], sa_mask[0]=0x7ffbfeff, sa_flags=0x10000004
SIGINT: [libjvm.so+0x5317f0], sa_mask[0]=0x7ffbfeff, sa_flags=0x10000004
SIGTERM: [libjvm.so+0x5317f0], sa_mask[0]=0x7ffbfeff, sa_flags=0x10000004
SIGQUIT: [libjvm.so+0x5317f0], sa_mask[0]=0x7ffbfeff, sa_flags=0x10000004


---------------  S Y S T E M  ---------------

OS:Ubuntu 12.04 (precise)
uname:Linux 3.2.0-37-generic-pae #58-Ubuntu SMP Thu Jan 24 15:51:02 UTC 2013 i686
libc:glibc 2.15 NPTL 2.15 
rlimit: STACK 8192k, CORE 0k, NPROC 15917, NOFILE 4096, AS infinity
load average:5.79 2.49 1.13

/proc/meminfo:
MemTotal:        2051960 kB
MemFree:          124484 kB
Buffers:            1264 kB
Cached:           199300 kB
SwapCached:        43784 kB
Active:          1182872 kB
Inactive:         672552 kB
Active(anon):    1145960 kB
Inactive(anon):   622464 kB
Active(file):      36912 kB
Inactive(file):    50088 kB
Unevictable:          16 kB
Mlocked:              16 kB
HighTotal:       1174088 kB
HighFree:          16860 kB
LowTotal:         877872 kB
LowFree:          107624 kB
SwapTotal:       1952764 kB
SwapFree:         813008 kB
Dirty:               384 kB
Writeback:             0 kB
AnonPages:       1613640 kB
Mapped:            57044 kB
Shmem:            113468 kB
Slab:              32440 kB
SReclaimable:      15108 kB
SUnreclaim:        17332 kB
KernelStack:        4312 kB
PageTables:        21140 kB
NFS_Unstable:          0 kB
Bounce:                0 kB
WritebackTmp:          0 kB
CommitLimit:     2978744 kB
Committed_AS:    6243940 kB
VmallocTotal:     122880 kB
VmallocUsed:       10616 kB
VmallocChunk:     108208 kB
HardwareCorrupted:     0 kB
AnonHugePages:         0 kB
HugePages_Total:       0
HugePages_Free:        0
HugePages_Rsvd:        0
HugePages_Surp:        0
Hugepagesize:       2048 kB
DirectMap4k:       14328 kB
DirectMap2M:      899072 kB


CPU:total 2 (2 cores per cpu, 1 threads per core) family 6 model 14 stepping 8, cmov, cx8, fxsr, mmx, sse, sse2, sse3

Memory: 4k page, physical 2051960k(124484k free), swap 1952764k(813008k free)

vm_info: OpenJDK Server VM (20.0-b12) for linux-x86 JRE (1.6.0_24-b24), built on Oct 24 2012 16:19:13 by "buildd" with gcc 4.6.3

time: Tue Feb 12 15:18:54 2013
elapsed time: 81 seconds

